<?xml version="1.0" encoding="UTF-8"?>
<!-- Generated by org.testng.reporters.JUnitXMLReporter -->
<testsuite ignored="0" hostname="DESKTOP-I41HQ3G" failures="2" tests="5" name="Surefire test" time="87.915" errors="0" timestamp="2024-09-30T20:41:16 SAST">
  <testcase classname="rahulshettyacademy.ErrorValidationsTest" name="ProductErrorValidation" time="17.45"/>
  <testcase classname="rahulshettyacademy.ErrorValidationsTest" name="loginErrorValidation" time="2.161">
    <failure type="java.lang.AssertionError" message="expected [Incorrect email or password.] but found [Incorrect email  password.]">
      <![CDATA[java.lang.AssertionError: expected [Incorrect email or password.] but found [Incorrect email  password.]
at rahulshettyacademy.ErrorValidationsTest.loginErrorValidation(ErrorValidationsTest.java:34)
at java.base/java.util.ArrayList.forEach(ArrayList.java:1511)
... Removed 38 stack frames]]>
    </failure>
  </testcase> <!-- loginErrorValidation -->
  <testcase classname="rahulshettyacademy.SubmitOrderTest" name="SubmitOrder" time="18.992"/>
  <testcase classname="rahulshettyacademy.SubmitOrderTest" name="SubmitOrder" time="3.87">
    <failure type="java.lang.AssertionError" message="expected [true] but found [false]">
      <![CDATA[java.lang.AssertionError: expected [true] but found [false]
at rahulshettyacademy.SubmitOrderTest.SubmitOrder(SubmitOrderTest.java:46)
at java.base/java.util.ArrayList.forEach(ArrayList.java:1511)
... Removed 36 stack frames]]>
    </failure>
  </testcase> <!-- SubmitOrder -->
  <testcase classname="rahulshettyacademy.SubmitOrderTest" name="OrderHistoryTest" time="0.001">
    <skipped/>
  </testcase> <!-- OrderHistoryTest -->
</testsuite> <!-- Surefire test -->
